<?xml version="1.0" encoding="UTF-8"?>
<!-- Generated by org.testng.reporters.JUnitReportReporter -->
<testsuite hostname="DESKTOP-F4AU5O4" failures="0" tests="1" name="testScripts.TC_05" time="28.684" errors="0" timestamp="2021-08-30T10:57:43 IST" skipped="0">
  <testcase classname="testScripts.TC_05" name="CreateNewLead" time="28.684"/>
  <system-out/>
</testsuite> <!-- testScripts.TC_05 -->
