<?xml version="1.0" encoding="UTF-8"?>
<!-- Generated by org.testng.reporters.JUnitReportReporter -->
<testsuite hostname="DESKTOP-F4AU5O4" failures="0" tests="1" name="testScripts.TC_04" time="35.229" errors="0" timestamp="2021-08-31T18:06:39 IST" skipped="0">
  <testcase classname="testScripts.TC_04" name="CreateNewLead" time="35.229"/>
  <system-out/>
</testsuite> <!-- testScripts.TC_04 -->
